Registered S3 method overwritten by 'shiny':
  method            from   
  print.key_missing fastmap

Listening on http://127.0.0.1:44435

Attaching package: ‘shinydashboard’

The following object is masked from ‘package:graphics’:

    box

── Attaching packages ─────────────────────────────────────── tidyverse 1.2.1 ──
✔ ggplot2 3.2.1     ✔ purrr   0.3.2
✔ tibble  2.1.3     ✔ dplyr   0.8.3
✔ tidyr   0.8.3     ✔ stringr 1.4.0
✔ readr   1.3.1     ✔ forcats 0.4.0
── Conflicts ────────────────────────────────────────── tidyverse_conflicts() ──
✖ dplyr::filter() masks stats::filter()
✖ dplyr::lag()    masks stats::lag()

Attaching package: ‘DT’

The following objects are masked from ‘package:shiny’:

    dataTableOutput, renderDataTable

Warning: Missing column names filled in: 'X1' [1]
Parsed with column specification:
cols(
  .default = col_double()
)
See spec(...) for full column specifications.
Parsed with column specification:
cols(
  Year = col_double(),
  Mhl = col_double()
)
Parsed with column specification:
cols(
  Year = col_double(),
  Temperature = col_double()
)
Parsed with column specification:
cols(
  Year = col_double(),
  Temperature = col_double(),
  Mhl = col_double()
)
Warning: Missing column names filled in: 'X1' [1]
Parsed with column specification:
cols(
  X1 = col_double(),
  country = col_character(),
  description = col_character(),
  points = col_double(),
  price = col_double(),
  province = col_character(),
  title = col_character(),
  variety = col_character(),
  winery = col_character(),
  color = col_character()
)
Warning in validateCoords(lng, lat, funcName) :
  Data contains 8 rows with either missing or invalid lat/lon values and will be ignored
Warning: Error in : Result must have length 129896, not 0
  132: <Anonymous>
Warning: Missing column names filled in: 'X1' [1]
Parsed with column specification:
cols(
  .default = col_double()
)
See spec(...) for full column specifications.
Parsed with column specification:
cols(
  Year = col_double(),
  Mhl = col_double()
)
Parsed with column specification:
cols(
  Year = col_double(),
  Temperature = col_double()
)
Parsed with column specification:
cols(
  Year = col_double(),
  Temperature = col_double(),
  Mhl = col_double()
)
Warning: Missing column names filled in: 'X1' [1]
Parsed with column specification:
cols(
  X1 = col_double(),
  country = col_character(),
  description = col_character(),
  points = col_double(),
  price = col_double(),
  province = col_character(),
  title = col_character(),
  variety = col_character(),
  winery = col_character(),
  color = col_character()
)
Warning in validateCoords(lng, lat, funcName) :
  Data contains 8 rows with either missing or invalid lat/lon values and will be ignored
Warning in processWidget(instance) :
  renderDataTable ignores ... arguments when expr yields a datatable object; see ?renderDataTable
`geom_smooth()` using method = 'loess' and formula 'y ~ x'
`geom_smooth()` using method = 'loess' and formula 'y ~ x'
Warning: Removed 1 rows containing non-finite values (stat_smooth).
Warning: Removed 1 rows containing missing values (geom_point).
`geom_smooth()` using method = 'loess' and formula 'y ~ x'
Warning: Error in : Result must have length 129896, not 0
  132: <Anonymous>
Warning in validateCoords(lng, lat, funcName) :
  Data contains 8 rows with either missing or invalid lat/lon values and will be ignored
Warning: Error in : Result must have length 129896, not 0
  171: <Anonymous>
Warning: Missing column names filled in: 'X1' [1]
Parsed with column specification:
cols(
  .default = col_double()
)
See spec(...) for full column specifications.
Parsed with column specification:
cols(
  Year = col_double(),
  Mhl = col_double()
)
Parsed with column specification:
cols(
  Year = col_double(),
  Temperature = col_double()
)
Parsed with column specification:
cols(
  Year = col_double(),
  Temperature = col_double(),
  Mhl = col_double()
)
Warning: Missing column names filled in: 'X1' [1]
Parsed with column specification:
cols(
  X1 = col_double(),
  country = col_character(),
  description = col_character(),
  points = col_double(),
  price = col_double(),
  province = col_character(),
  title = col_character(),
  variety = col_character(),
  winery = col_character(),
  color = col_character()
)
Warning in validateCoords(lng, lat, funcName) :
  Data contains 8 rows with either missing or invalid lat/lon values and will be ignored
Warning in validateCoords(lng, lat, funcName) :
  Data contains 8 rows with either missing or invalid lat/lon values and will be ignored
Warning: Error in : Result must have length 129896, not 0
  132: <Anonymous>
Warning in processWidget(instance) :
  renderDataTable ignores ... arguments when expr yields a datatable object; see ?renderDataTable
`geom_smooth()` using method = 'loess' and formula 'y ~ x'
`geom_smooth()` using method = 'loess' and formula 'y ~ x'
Warning: Removed 1 rows containing non-finite values (stat_smooth).
Warning: Removed 1 rows containing missing values (geom_point).
Warning in file(file, "rt") :
  cannot open file 'Country Wine Production.csv': No such file or directory
Warning: Error in file: cannot open the connection
  49: file
  48: read.table
  47: read.csv
Warning in file(file, "rt") :
  cannot open file 'Country Wine Production.csv': No such file or directory
Warning: Error in file: cannot open the connection
  49: file
  48: read.table
  47: read.csv
Warning in file(file, "rt") :
  cannot open file 'Country Wine Production.csv': No such file or directory
Warning: Error in file: cannot open the connection
  49: file
  48: read.table
  47: read.csv
Warning in file(file, "rt") :
  cannot open file 'Country Wine Production.csv': No such file or directory
Warning: Error in file: cannot open the connection
  49: file
  48: read.table
  47: read.csv
Warning in file(file, "rt") :
  cannot open file 'Country Wine Production.csv': No such file or directory
Warning: Error in file: cannot open the connection
  49: file
  48: read.table
  47: read.csv
Warning in file(file, "rt") :
  cannot open file 'Country Wine Production.csv': No such file or directory
Warning: Error in file: cannot open the connection
  49: file
  48: read.table
  47: read.csv
Warning in file(file, "rt") :
  cannot open file 'Country Wine Production.csv': No such file or directory
Warning: Error in file: cannot open the connection
  49: file
  48: read.table
  47: read.csv
Warning in file(file, "rt") :
  cannot open file 'Country Wine Production.csv': No such file or directory
Warning: Error in file: cannot open the connection
  49: file
  48: read.table
  47: read.csv
Warning in file(file, "rt") :
  cannot open file 'Country Wine Production.csv': No such file or directory
Warning: Error in file: cannot open the connection
  49: file
  48: read.table
  47: read.csv
Warning in file(file, "rt") :
  cannot open file 'Country Wine Production.csv': No such file or directory
Warning: Error in file: cannot open the connection
  49: file
  48: read.table
  47: read.csv
Warning in file(file, "rt") :
  cannot open file 'Country Wine Production.csv': No such file or directory
Warning: Error in file: cannot open the connection
  49: file
  48: read.table
  47: read.csv
Warning in file(file, "rt") :
  cannot open file 'Country Wine Production.csv': No such file or directory
Warning: Error in file: cannot open the connection
  49: file
  48: read.table
  47: read.csv
Warning in file(file, "rt") :
  cannot open file 'Country Wine Production.csv': No such file or directory
Warning: Error in file: cannot open the connection
  49: file
  48: read.table
  47: read.csv
Warning in file(file, "rt") :
  cannot open file 'Country Wine Production.csv': No such file or directory
Warning: Error in file: cannot open the connection
  49: file
  48: read.table
  47: read.csv
Warning in file(file, "rt") :
  cannot open file 'Country Wine Production.csv': No such file or directory
Warning: Error in file: cannot open the connection
  49: file
  48: read.table
  47: read.csv
Warning in file(file, "rt") :
  cannot open file 'Country Wine Production.csv': No such file or directory
Warning: Error in file: cannot open the connection
  49: file
  48: read.table
  47: read.csv
Warning in file(file, "rt") :
  cannot open file 'Country Wine Production.csv': No such file or directory
Warning: Error in file: cannot open the connection
  49: file
  48: read.table
  47: read.csv
Warning in file(file, "rt") :
  cannot open file 'Country Wine Production.csv': No such file or directory
Warning: Error in file: cannot open the connection
  49: file
  48: read.table
  47: read.csv
Warning in file(file, "rt") :
  cannot open file 'Country Wine Production.csv': No such file or directory
Warning: Error in file: cannot open the connection
  49: file
  48: read.table
  47: read.csv
Warning in file(file, "rt") :
  cannot open file 'Country Wine Production.csv': No such file or directory
Warning: Error in file: cannot open the connection
  49: file
  48: read.table
  47: read.csv
Warning in validateCoords(lng, lat, funcName) :
  Data contains 1 rows with either missing or invalid lat/lon values and will be ignored
Warning in validateCoords(lng, lat, funcName) :
  Data contains 1 rows with either missing or invalid lat/lon values and will be ignored
Warning in file(file, "rt") :
  cannot open file 'Country Wine Production.csv': No such file or directory
Warning: Error in file: cannot open the connection
  49: file
  48: read.table
  47: read.csv
Warning in file(file, "rt") :
  cannot open file 'Country Wine Production.csv': No such file or directory
Warning: Error in file: cannot open the connection
  49: file
  48: read.table
  47: read.csv
Warning in file(file, "rt") :
  cannot open file 'Country Wine Production.csv': No such file or directory
Warning: Error in file: cannot open the connection
  49: file
  48: read.table
  47: read.csv
Warning in file(file, "rt") :
  cannot open file 'Country Wine Production.csv': No such file or directory
Warning: Error in file: cannot open the connection
  49: file
  48: read.table
  47: read.csv
Warning in file(file, "rt") :
  cannot open file 'Country Wine Production.csv': No such file or directory
Warning: Error in file: cannot open the connection
  49: file
  48: read.table
  47: read.csv
Warning in file(file, "rt") :
  cannot open file 'Country Wine Production.csv': No such file or directory
Warning: Error in file: cannot open the connection
  49: file
  48: read.table
  47: read.csv
Warning in file(file, "rt") :
  cannot open file 'Country Wine Production.csv': No such file or directory
Warning: Error in file: cannot open the connection
  49: file
  48: read.table
  47: read.csv
Warning in file(file, "rt") :
  cannot open file 'Country Wine Production.csv': No such file or directory
Warning: Error in file: cannot open the connection
  49: file
  48: read.table
  47: read.csv
Warning in file(file, "rt") :
  cannot open file 'Country Wine Production.csv': No such file or directory
Warning: Error in file: cannot open the connection
  49: file
  48: read.table
  47: read.csv
Warning in file(file, "rt") :
  cannot open file 'Country Wine Production.csv': No such file or directory
Warning: Error in file: cannot open the connection
  49: file
  48: read.table
  47: read.csv
Warning in file(file, "rt") :
  cannot open file 'Country Wine Production.csv': No such file or directory
Warning: Error in file: cannot open the connection
  49: file
  48: read.table
  47: read.csv
